<?xml version="1.0" encoding="UTF-8"?>
<testsuite xmlns:xsi="http://www.w3.org/2001/XMLSchema-instance" xsi:noNamespaceSchemaLocation="https://maven.apache.org/surefire/maven-surefire-plugin/xsd/surefire-test-report-3.0.xsd" version="3.0" name="com.fipeapi2.services.FipeProcessingServiceTest" time="0.002" tests="2" errors="0" skipped="2" failures="0">
  <properties>
    <property name="java.specification.version" value="17"/>
    <property name="sun.cpu.isalist" value="amd64"/>
    <property name="sun.jnu.encoding" value="Cp1252"/>
    <property name="java.class.path" value="C:\Users\DELL\IdeaProjects\Api\FipeApi\target\test-classes;C:\Users\DELL\IdeaProjects\Api\FipeApi\target\classes;C:\Users\DELL\.m2\repository\io\quarkus\quarkus-resteasy\2.16.3.Final\quarkus-resteasy-2.16.3.Final.jar;C:\Users\DELL\.m2\repository\io\quarkus\quarkus-vertx-http\2.16.3.Final\quarkus-vertx-http-2.16.3.Final.jar;C:\Users\DELL\.m2\repository\io\quarkus\quarkus-security-runtime-spi\2.16.3.Final\quarkus-security-runtime-spi-2.16.3.Final.jar;C:\Users\DELL\.m2\repository\io\quarkus\quarkus-credentials\2.16.3.Final\quarkus-credentials-2.16.3.Final.jar;C:\Users\DELL\.m2\repository\io\quarkus\quarkus-mutiny\2.16.3.Final\quarkus-mutiny-2.16.3.Final.jar;C:\Users\DELL\.m2\repository\io\quarkus\quarkus-smallrye-context-propagation\2.16.3.Final\quarkus-smallrye-context-propagation-2.16.3.Final.jar;C:\Users\DELL\.m2\repository\io\smallrye\smallrye-context-propagation\1.2.2\smallrye-context-propagation-1.2.2.jar;C:\Users\DELL\.m2\repository\io\smallrye\smallrye-context-propagation-api\1.2.2\smallrye-context-propagation-api-1.2.2.jar;C:\Users\DELL\.m2\repository\io\smallrye\smallrye-context-propagation-storage\1.2.2\smallrye-context-propagation-storage-1.2.2.jar;C:\Users\DELL\.m2\repository\io\smallrye\reactive\mutiny-smallrye-context-propagation\1.9.0\mutiny-smallrye-context-propagation-1.9.0.jar;C:\Users\DELL\.m2\repository\io\smallrye\common\smallrye-common-vertx-context\1.13.2\smallrye-common-vertx-context-1.13.2.jar;C:\Users\DELL\.m2\repository\io\smallrye\common\smallrye-common-constraint\1.13.2\smallrye-common-constraint-1.13.2.jar;C:\Users\DELL\.m2\repository\io\quarkus\quarkus-vertx-http-dev-console-runtime-spi\2.16.3.Final\quarkus-vertx-http-dev-console-runtime-spi-2.16.3.Final.jar;C:\Users\DELL\.m2\repository\io\quarkus\security\quarkus-security\1.1.4.Final\quarkus-security-1.1.4.Final.jar;C:\Users\DELL\.m2\repository\io\quarkus\quarkus-vertx\2.16.3.Final\quarkus-vertx-2.16.3.Final.jar;C:\Users\DELL\.m2\repository\io\quarkus\quarkus-netty\2.16.3.Final\quarkus-netty-2.16.3.Final.jar;C:\Users\DELL\.m2\repository\io\netty\netty-codec\4.1.86.Final\netty-codec-4.1.86.Final.jar;C:\Users\DELL\.m2\repository\com\aayushatharva\brotli4j\brotli4j\1.8.0\brotli4j-1.8.0.jar;C:\Users\DELL\.m2\repository\com\aayushatharva\brotli4j\native-windows-x86_64\1.8.0\native-windows-x86_64-1.8.0.jar;C:\Users\DELL\.m2\repository\io\netty\netty-codec-haproxy\4.1.86.Final\netty-codec-haproxy-4.1.86.Final.jar;C:\Users\DELL\.m2\repository\io\quarkus\quarkus-vertx-latebound-mdc-provider\2.16.3.Final\quarkus-vertx-latebound-mdc-provider-2.16.3.Final.jar;C:\Users\DELL\.m2\repository\io\smallrye\smallrye-fault-tolerance-vertx\5.6.0\smallrye-fault-tolerance-vertx-5.6.0.jar;C:\Users\DELL\.m2\repository\io\smallrye\reactive\smallrye-mutiny-vertx-web\2.30.1\smallrye-mutiny-vertx-web-2.30.1.jar;C:\Users\DELL\.m2\repository\io\smallrye\reactive\smallrye-mutiny-vertx-web-common\2.30.1\smallrye-mutiny-vertx-web-common-2.30.1.jar;C:\Users\DELL\.m2\repository\io\smallrye\reactive\smallrye-mutiny-vertx-auth-common\2.30.1\smallrye-mutiny-vertx-auth-common-2.30.1.jar;C:\Users\DELL\.m2\repository\io\smallrye\reactive\smallrye-mutiny-vertx-bridge-common\2.30.1\smallrye-mutiny-vertx-bridge-common-2.30.1.jar;C:\Users\DELL\.m2\repository\io\smallrye\reactive\smallrye-mutiny-vertx-uri-template\2.30.1\smallrye-mutiny-vertx-uri-template-2.30.1.jar;C:\Users\DELL\.m2\repository\io\vertx\vertx-uri-template\4.3.7\vertx-uri-template-4.3.7.jar;C:\Users\DELL\.m2\repository\io\vertx\vertx-web\4.3.7\vertx-web-4.3.7.jar;C:\Users\DELL\.m2\repository\io\vertx\vertx-web-common\4.3.7\vertx-web-common-4.3.7.jar;C:\Users\DELL\.m2\repository\io\vertx\vertx-auth-common\4.3.7\vertx-auth-common-4.3.7.jar;C:\Users\DELL\.m2\repository\io\vertx\vertx-bridge-common\4.3.7\vertx-bridge-common-4.3.7.jar;C:\Users\DELL\.m2\repository\io\github\crac\org-crac\0.1.3\org-crac-0.1.3.jar;C:\Users\DELL\.m2\repository\io\quarkus\quarkus-resteasy-server-common\2.16.3.Final\quarkus-resteasy-server-common-2.16.3.Final.jar;C:\Users\DELL\.m2\repository\jakarta\validation\jakarta.validation-api\2.0.2\jakarta.validation-api-2.0.2.jar;C:\Users\DELL\.m2\repository\io\quarkus\quarkus-smallrye-openapi\2.16.3.Final\quarkus-smallrye-openapi-2.16.3.Final.jar;C:\Users\DELL\.m2\repository\io\smallrye\smallrye-open-api-core\3.1.1\smallrye-open-api-core-3.1.1.jar;C:\Users\DELL\.m2\repository\org\eclipse\microprofile\openapi\microprofile-openapi-api\2.0.1\microprofile-openapi-api-2.0.1.jar;C:\Users\DELL\.m2\repository\org\eclipse\microprofile\config\microprofile-config-api\2.0.1\microprofile-config-api-2.0.1.jar;C:\Users\DELL\.m2\repository\com\fasterxml\jackson\core\jackson-core\2.14.2\jackson-core-2.14.2.jar;C:\Users\DELL\.m2\repository\com\fasterxml\jackson\core\jackson-databind\2.14.2\jackson-databind-2.14.2.jar;C:\Users\DELL\.m2\repository\com\fasterxml\jackson\dataformat\jackson-dataformat-yaml\2.14.2\jackson-dataformat-yaml-2.14.2.jar;C:\Users\DELL\.m2\repository\org\yaml\snakeyaml\1.33\snakeyaml-1.33.jar;C:\Users\DELL\.m2\repository\io\smallrye\jandex\3.0.5\jandex-3.0.5.jar;C:\Users\DELL\.m2\repository\org\jboss\logging\jboss-logging\3.5.0.Final\jboss-logging-3.5.0.Final.jar;C:\Users\DELL\.m2\repository\io\quarkus\quarkus-core\2.16.3.Final\quarkus-core-2.16.3.Final.jar;C:\Users\DELL\.m2\repository\jakarta\enterprise\jakarta.enterprise.cdi-api\2.0.2\jakarta.enterprise.cdi-api-2.0.2.jar;C:\Users\DELL\.m2\repository\jakarta\el\jakarta.el-api\3.0.3\jakarta.el-api-3.0.3.jar;C:\Users\DELL\.m2\repository\jakarta\inject\jakarta.inject-api\1.0\jakarta.inject-api-1.0.jar;C:\Users\DELL\.m2\repository\io\quarkus\quarkus-ide-launcher\2.16.3.Final\quarkus-ide-launcher-2.16.3.Final.jar;C:\Users\DELL\.m2\repository\io\quarkus\quarkus-development-mode-spi\2.16.3.Final\quarkus-development-mode-spi-2.16.3.Final.jar;C:\Users\DELL\.m2\repository\io\smallrye\config\smallrye-config\2.13.2\smallrye-config-2.13.2.jar;C:\Users\DELL\.m2\repository\io\smallrye\config\smallrye-config-core\2.13.2\smallrye-config-core-2.13.2.jar;C:\Users\DELL\.m2\repository\io\smallrye\common\smallrye-common-expression\1.13.2\smallrye-common-expression-1.13.2.jar;C:\Users\DELL\.m2\repository\io\smallrye\common\smallrye-common-function\1.13.2\smallrye-common-function-1.13.2.jar;C:\Users\DELL\.m2\repository\io\smallrye\common\smallrye-common-classloader\1.13.2\smallrye-common-classloader-1.13.2.jar;C:\Users\DELL\.m2\repository\io\smallrye\config\smallrye-config-common\2.13.2\smallrye-config-common-2.13.2.jar;C:\Users\DELL\.m2\repository\org\jboss\logmanager\jboss-logmanager-embedded\1.0.11\jboss-logmanager-embedded-1.0.11.jar;C:\Users\DELL\.m2\repository\org\jboss\logging\jboss-logging-annotations\2.2.1.Final\jboss-logging-annotations-2.2.1.Final.jar;C:\Users\DELL\.m2\repository\org\jboss\threads\jboss-threads\3.4.3.Final\jboss-threads-3.4.3.Final.jar;C:\Users\DELL\.m2\repository\org\slf4j\slf4j-api\1.7.36\slf4j-api-1.7.36.jar;C:\Users\DELL\.m2\repository\org\jboss\slf4j\slf4j-jboss-logmanager\1.2.0.Final\slf4j-jboss-logmanager-1.2.0.Final.jar;C:\Users\DELL\.m2\repository\org\graalvm\sdk\graal-sdk\22.3.0\graal-sdk-22.3.0.jar;C:\Users\DELL\.m2\repository\org\wildfly\common\wildfly-common\1.5.4.Final-format-001\wildfly-common-1.5.4.Final-format-001.jar;C:\Users\DELL\.m2\repository\io\quarkus\quarkus-bootstrap-runner\2.16.3.Final\quarkus-bootstrap-runner-2.16.3.Final.jar;C:\Users\DELL\.m2\repository\io\quarkus\quarkus-fs-util\0.0.9\quarkus-fs-util-0.0.9.jar;C:\Users\DELL\.m2\repository\io\quarkus\quarkus-arc\2.16.3.Final\quarkus-arc-2.16.3.Final.jar;C:\Users\DELL\.m2\repository\io\quarkus\arc\arc\2.16.3.Final\arc-2.16.3.Final.jar;C:\Users\DELL\.m2\repository\org\eclipse\microprofile\context-propagation\microprofile-context-propagation-api\1.2\microprofile-context-propagation-api-1.2.jar;C:\Users\DELL\.m2\repository\io\quarkus\quarkus-swagger-ui\2.16.3.Final\quarkus-swagger-ui-2.16.3.Final.jar;C:\Users\DELL\.m2\repository\io\quarkus\quarkus-hibernate-orm\2.16.3.Final\quarkus-hibernate-orm-2.16.3.Final.jar;C:\Users\DELL\.m2\repository\io\quarkus\quarkus-agroal\2.16.3.Final\quarkus-agroal-2.16.3.Final.jar;C:\Users\DELL\.m2\repository\io\quarkus\quarkus-datasource\2.16.3.Final\quarkus-datasource-2.16.3.Final.jar;C:\Users\DELL\.m2\repository\io\agroal\agroal-api\1.16\agroal-api-1.16.jar;C:\Users\DELL\.m2\repository\io\agroal\agroal-narayana\1.16\agroal-narayana-1.16.jar;C:\Users\DELL\.m2\repository\org\jboss\jboss-transaction-spi\7.6.0.Final\jboss-transaction-spi-7.6.0.Final.jar;C:\Users\DELL\.m2\repository\io\agroal\agroal-pool\1.16\agroal-pool-1.16.jar;C:\Users\DELL\.m2\repository\io\quarkus\quarkus-narayana-jta\2.16.3.Final\quarkus-narayana-jta-2.16.3.Final.jar;C:\Users\DELL\.m2\repository\io\quarkus\quarkus-transaction-annotations\2.16.3.Final\quarkus-transaction-annotations-2.16.3.Final.jar;C:\Users\DELL\.m2\repository\io\smallrye\smallrye-context-propagation-jta\1.2.2\smallrye-context-propagation-jta-1.2.2.jar;C:\Users\DELL\.m2\repository\io\smallrye\reactive\smallrye-reactive-converter-api\2.7.0\smallrye-reactive-converter-api-2.7.0.jar;C:\Users\DELL\.m2\repository\org\reactivestreams\reactive-streams\1.0.3\reactive-streams-1.0.3.jar;C:\Users\DELL\.m2\repository\io\smallrye\reactive\smallrye-reactive-converter-mutiny\2.7.0\smallrye-reactive-converter-mutiny-2.7.0.jar;C:\Users\DELL\.m2\repository\org\jboss\narayana\jta\narayana-jta\5.13.1.Final\narayana-jta-5.13.1.Final.jar;C:\Users\DELL\.m2\repository\org\jboss\spec\javax\resource\jboss-connector-api_1.7_spec\1.0.0.Final\jboss-connector-api_1.7_spec-1.0.0.Final.jar;C:\Users\DELL\.m2\repository\org\jboss\narayana\jts\narayana-jts-integration\5.13.1.Final\narayana-jts-integration-5.13.1.Final.jar;C:\Users\DELL\.m2\repository\org\hibernate\hibernate-core\5.6.15.Final\hibernate-core-5.6.15.Final.jar;C:\Users\DELL\.m2\repository\net\bytebuddy\byte-buddy\1.12.18\byte-buddy-1.12.18.jar;C:\Users\DELL\.m2\repository\antlr\antlr\2.7.7\antlr-2.7.7.jar;C:\Users\DELL\.m2\repository\com\fasterxml\classmate\1.5.1\classmate-1.5.1.jar;C:\Users\DELL\.m2\repository\org\hibernate\common\hibernate-commons-annotations\5.1.2.Final\hibernate-commons-annotations-5.1.2.Final.jar;C:\Users\DELL\.m2\repository\org\hibernate\hibernate-graalvm\5.6.15.Final\hibernate-graalvm-5.6.15.Final.jar;C:\Users\DELL\.m2\repository\org\glassfish\jaxb\jaxb-runtime\2.3.3-b02\jaxb-runtime-2.3.3-b02.jar;C:\Users\DELL\.m2\repository\org\glassfish\jaxb\txw2\2.3.3-b02\txw2-2.3.3-b02.jar;C:\Users\DELL\.m2\repository\com\sun\istack\istack-commons-runtime\3.0.10\istack-commons-runtime-3.0.10.jar;C:\Users\DELL\.m2\repository\com\sun\activation\jakarta.activation\1.2.1\jakarta.activation-1.2.1.jar;C:\Users\DELL\.m2\repository\org\jboss\spec\javax\xml\bind\jboss-jaxb-api_2.3_spec\2.0.0.Final\jboss-jaxb-api_2.3_spec-2.0.0.Final.jar;C:\Users\DELL\.m2\repository\jakarta\persistence\jakarta.persistence-api\2.2.3\jakarta.persistence-api-2.2.3.jar;C:\Users\DELL\.m2\repository\jakarta\transaction\jakarta.transaction-api\1.3.3\jakarta.transaction-api-1.3.3.jar;C:\Users\DELL\.m2\repository\org\hibernate\quarkus-local-cache\0.1.1\quarkus-local-cache-0.1.1.jar;C:\Users\DELL\.m2\repository\io\quarkus\quarkus-caffeine\2.16.3.Final\quarkus-caffeine-2.16.3.Final.jar;C:\Users\DELL\.m2\repository\com\github\ben-manes\caffeine\caffeine\3.1.1\caffeine-3.1.1.jar;C:\Users\DELL\.m2\repository\com\google\errorprone\error_prone_annotations\2.17.0\error_prone_annotations-2.17.0.jar;C:\Users\DELL\.m2\repository\io\quarkus\quarkus-jdbc-postgresql\2.16.3.Final\quarkus-jdbc-postgresql-2.16.3.Final.jar;C:\Users\DELL\.m2\repository\org\postgresql\postgresql\42.5.3\postgresql-42.5.3.jar;C:\Users\DELL\.m2\repository\io\quarkus\quarkus-hibernate-orm-panache\2.16.3.Final\quarkus-hibernate-orm-panache-2.16.3.Final.jar;C:\Users\DELL\.m2\repository\io\quarkus\quarkus-hibernate-orm-panache-common\2.16.3.Final\quarkus-hibernate-orm-panache-common-2.16.3.Final.jar;C:\Users\DELL\.m2\repository\io\quarkus\quarkus-panache-hibernate-common\2.16.3.Final\quarkus-panache-hibernate-common-2.16.3.Final.jar;C:\Users\DELL\.m2\repository\io\quarkus\quarkus-panache-common\2.16.3.Final\quarkus-panache-common-2.16.3.Final.jar;C:\Users\DELL\.m2\repository\io\quarkus\quarkus-junit5\2.16.3.Final\quarkus-junit5-2.16.3.Final.jar;C:\Users\DELL\.m2\repository\io\quarkus\quarkus-bootstrap-core\2.16.3.Final\quarkus-bootstrap-core-2.16.3.Final.jar;C:\Users\DELL\.m2\repository\io\quarkus\quarkus-bootstrap-app-model\2.16.3.Final\quarkus-bootstrap-app-model-2.16.3.Final.jar;C:\Users\DELL\.m2\repository\io\smallrye\common\smallrye-common-io\1.13.2\smallrye-common-io-1.13.2.jar;C:\Users\DELL\.m2\repository\org\eclipse\sisu\org.eclipse.sisu.inject\0.3.5\org.eclipse.sisu.inject-0.3.5.jar;C:\Users\DELL\.m2\repository\io\quarkus\quarkus-test-common\2.16.3.Final\quarkus-test-common-2.16.3.Final.jar;C:\Users\DELL\.m2\repository\io\quarkus\quarkus-core-deployment\2.16.3.Final\quarkus-core-deployment-2.16.3.Final.jar;C:\Users\DELL\.m2\repository\org\aesh\readline\2.2\readline-2.2.jar;C:\Users\DELL\.m2\repository\org\fusesource\jansi\jansi\1.18\jansi-1.18.jar;C:\Users\DELL\.m2\repository\org\aesh\aesh\2.7\aesh-2.7.jar;C:\Users\DELL\.m2\repository\org\apache\commons\commons-lang3\3.12.0\commons-lang3-3.12.0.jar;C:\Users\DELL\.m2\repository\io\quarkus\gizmo\gizmo\1.6.0.Final\gizmo-1.6.0.Final.jar;C:\Users\DELL\.m2\repository\org\ow2\asm\asm-util\9.4\asm-util-9.4.jar;C:\Users\DELL\.m2\repository\org\ow2\asm\asm-analysis\9.4\asm-analysis-9.4.jar;C:\Users\DELL\.m2\repository\org\ow2\asm\asm\9.4\asm-9.4.jar;C:\Users\DELL\.m2\repository\org\ow2\asm\asm-commons\9.4\asm-commons-9.4.jar;C:\Users\DELL\.m2\repository\org\ow2\asm\asm-tree\9.4\asm-tree-9.4.jar;C:\Users\DELL\.m2\repository\io\quarkus\quarkus-class-change-agent\2.16.3.Final\quarkus-class-change-agent-2.16.3.Final.jar;C:\Users\DELL\.m2\repository\io\quarkus\quarkus-devtools-utilities\2.16.3.Final\quarkus-devtools-utilities-2.16.3.Final.jar;C:\Users\DELL\.m2\repository\io\quarkus\quarkus-builder\2.16.3.Final\quarkus-builder-2.16.3.Final.jar;C:\Users\DELL\.m2\repository\org\junit\platform\junit-platform-launcher\1.9.2\junit-platform-launcher-1.9.2.jar;C:\Users\DELL\.m2\repository\io\quarkus\quarkus-bootstrap-maven-resolver\2.16.3.Final\quarkus-bootstrap-maven-resolver-2.16.3.Final.jar;C:\Users\DELL\.m2\repository\org\apache\maven\maven-embedder\3.8.6\maven-embedder-3.8.6.jar;C:\Users\DELL\.m2\repository\org\apache\maven\maven-settings\3.8.6\maven-settings-3.8.6.jar;C:\Users\DELL\.m2\repository\org\apache\maven\maven-core\3.8.6\maven-core-3.8.6.jar;C:\Users\DELL\.m2\repository\org\apache\maven\maven-artifact\3.8.6\maven-artifact-3.8.6.jar;C:\Users\DELL\.m2\repository\org\codehaus\plexus\plexus-component-annotations\2.1.0\plexus-component-annotations-2.1.0.jar;C:\Users\DELL\.m2\repository\org\apache\maven\maven-plugin-api\3.8.6\maven-plugin-api-3.8.6.jar;C:\Users\DELL\.m2\repository\org\apache\maven\maven-model\3.8.6\maven-model-3.8.6.jar;C:\Users\DELL\.m2\repository\org\apache\maven\maven-model-builder\3.8.6\maven-model-builder-3.8.6.jar;C:\Users\DELL\.m2\repository\org\apache\maven\maven-builder-support\3.8.6\maven-builder-support-3.8.6.jar;C:\Users\DELL\.m2\repository\org\apache\maven\resolver\maven-resolver-api\1.6.3\maven-resolver-api-1.6.3.jar;C:\Users\DELL\.m2\repository\org\apache\maven\resolver\maven-resolver-util\1.6.3\maven-resolver-util-1.6.3.jar;C:\Users\DELL\.m2\repository\org\apache\maven\shared\maven-shared-utils\3.3.4\maven-shared-utils-3.3.4.jar;C:\Users\DELL\.m2\repository\com\google\inject\guice\4.2.2\guice-4.2.2-no_aop.jar;C:\Users\DELL\.m2\repository\com\google\guava\guava\31.1-jre\guava-31.1-jre.jar;C:\Users\DELL\.m2\repository\com\google\guava\failureaccess\1.0.1\failureaccess-1.0.1.jar;C:\Users\DELL\.m2\repository\org\codehaus\plexus\plexus-classworlds\2.6.0\plexus-classworlds-2.6.0.jar;C:\Users\DELL\.m2\repository\org\codehaus\plexus\plexus-sec-dispatcher\2.0\plexus-sec-dispatcher-2.0.jar;C:\Users\DELL\.m2\repository\org\codehaus\plexus\plexus-cipher\2.0\plexus-cipher-2.0.jar;C:\Users\DELL\.m2\repository\commons-cli\commons-cli\1.4\commons-cli-1.4.jar;C:\Users\DELL\.m2\repository\org\eclipse\sisu\org.eclipse.sisu.plexus\0.3.5\org.eclipse.sisu.plexus-0.3.5.jar;C:\Users\DELL\.m2\repository\org\apache\maven\maven-settings-builder\3.8.6\maven-settings-builder-3.8.6.jar;C:\Users\DELL\.m2\repository\org\codehaus\plexus\plexus-interpolation\1.26\plexus-interpolation-1.26.jar;C:\Users\DELL\.m2\repository\org\apache\maven\maven-resolver-provider\3.8.6\maven-resolver-provider-3.8.6.jar;C:\Users\DELL\.m2\repository\org\apache\maven\maven-repository-metadata\3.8.6\maven-repository-metadata-3.8.6.jar;C:\Users\DELL\.m2\repository\org\apache\maven\resolver\maven-resolver-spi\1.6.3\maven-resolver-spi-1.6.3.jar;C:\Users\DELL\.m2\repository\org\apache\maven\resolver\maven-resolver-impl\1.6.3\maven-resolver-impl-1.6.3.jar;C:\Users\DELL\.m2\repository\org\codehaus\plexus\plexus-utils\3.3.0\plexus-utils-3.3.0.jar;C:\Users\DELL\.m2\repository\org\apache\maven\resolver\maven-resolver-connector-basic\1.6.3\maven-resolver-connector-basic-1.6.3.jar;C:\Users\DELL\.m2\repository\org\apache\maven\resolver\maven-resolver-transport-wagon\1.6.3\maven-resolver-transport-wagon-1.6.3.jar;C:\Users\DELL\.m2\repository\org\apache\maven\wagon\wagon-http\3.5.1\wagon-http-3.5.1.jar;C:\Users\DELL\.m2\repository\org\apache\maven\wagon\wagon-http-shared\3.5.1\wagon-http-shared-3.5.1.jar;C:\Users\DELL\.m2\repository\org\apache\maven\wagon\wagon-provider-api\3.5.1\wagon-provider-api-3.5.1.jar;C:\Users\DELL\.m2\repository\org\apache\maven\wagon\wagon-file\3.5.1\wagon-file-3.5.1.jar;C:\Users\DELL\.m2\repository\io\quarkus\quarkus-bootstrap-gradle-resolver\2.16.3.Final\quarkus-bootstrap-gradle-resolver-2.16.3.Final.jar;C:\Users\DELL\.m2\repository\io\quarkus\quarkus-junit5-properties\2.16.3.Final\quarkus-junit5-properties-2.16.3.Final.jar;C:\Users\DELL\.m2\repository\org\junit\jupiter\junit-jupiter\5.9.2\junit-jupiter-5.9.2.jar;C:\Users\DELL\.m2\repository\org\junit\jupiter\junit-jupiter-api\5.9.2\junit-jupiter-api-5.9.2.jar;C:\Users\DELL\.m2\repository\org\opentest4j\opentest4j\1.2.0\opentest4j-1.2.0.jar;C:\Users\DELL\.m2\repository\org\junit\platform\junit-platform-commons\1.9.2\junit-platform-commons-1.9.2.jar;C:\Users\DELL\.m2\repository\org\apiguardian\apiguardian-api\1.1.2\apiguardian-api-1.1.2.jar;C:\Users\DELL\.m2\repository\org\junit\jupiter\junit-jupiter-params\5.9.2\junit-jupiter-params-5.9.2.jar;C:\Users\DELL\.m2\repository\org\junit\jupiter\junit-jupiter-engine\5.9.2\junit-jupiter-engine-5.9.2.jar;C:\Users\DELL\.m2\repository\org\junit\platform\junit-platform-engine\1.9.2\junit-platform-engine-1.9.2.jar;C:\Users\DELL\.m2\repository\com\thoughtworks\xstream\xstream\1.4.20\xstream-1.4.20.jar;C:\Users\DELL\.m2\repository\io\github\x-stream\mxparser\1.2.2\mxparser-1.2.2.jar;C:\Users\DELL\.m2\repository\xmlpull\xmlpull\1.1.3.1\xmlpull-1.1.3.1.jar;C:\Users\DELL\.m2\repository\com\h2database\h2\2.1.214\h2-2.1.214.jar;C:\Users\DELL\.m2\repository\io\quarkus\quarkus-jdbc-h2\2.16.3.Final\quarkus-jdbc-h2-2.16.3.Final.jar;C:\Users\DELL\.m2\repository\org\locationtech\jts\jts-core\1.17.0\jts-core-1.17.0.jar;C:\Users\DELL\.m2\repository\io\quarkus\quarkus-rest-client\2.16.3.Final\quarkus-rest-client-2.16.3.Final.jar;C:\Users\DELL\.m2\repository\io\quarkus\quarkus-resteasy-common\2.16.3.Final\quarkus-resteasy-common-2.16.3.Final.jar;C:\Users\DELL\.m2\repository\org\jboss\resteasy\resteasy-core\4.7.7.Final\resteasy-core-4.7.7.Final.jar;C:\Users\DELL\.m2\repository\org\jboss\spec\javax\ws\rs\jboss-jaxrs-api_2.1_spec\2.0.1.Final\jboss-jaxrs-api_2.1_spec-2.0.1.Final.jar;C:\Users\DELL\.m2\repository\org\jboss\resteasy\resteasy-core-spi\4.7.7.Final\resteasy-core-spi-4.7.7.Final.jar;C:\Users\DELL\.m2\repository\com\ibm\async\asyncutil\0.1.0\asyncutil-0.1.0.jar;C:\Users\DELL\.m2\repository\io\quarkus\quarkus-apache-httpclient\2.16.3.Final\quarkus-apache-httpclient-2.16.3.Final.jar;C:\Users\DELL\.m2\repository\org\apache\httpcomponents\httpclient\4.5.14\httpclient-4.5.14.jar;C:\Users\DELL\.m2\repository\commons-codec\commons-codec\1.15\commons-codec-1.15.jar;C:\Users\DELL\.m2\repository\io\quarkus\quarkus-rest-client-config\2.16.3.Final\quarkus-rest-client-config-2.16.3.Final.jar;C:\Users\DELL\.m2\repository\org\eclipse\microprofile\rest\client\microprofile-rest-client-api\2.0\microprofile-rest-client-api-2.0.jar;C:\Users\DELL\.m2\repository\org\jboss\resteasy\resteasy-client-microprofile\4.7.7.Final\resteasy-client-microprofile-4.7.7.Final.jar;C:\Users\DELL\.m2\repository\org\jboss\resteasy\resteasy-client-microprofile-base\4.7.7.Final\resteasy-client-microprofile-base-4.7.7.Final.jar;C:\Users\DELL\.m2\repository\org\jboss\resteasy\resteasy-client\4.7.7.Final\resteasy-client-4.7.7.Final.jar;C:\Users\DELL\.m2\repository\org\jboss\resteasy\resteasy-client-api\4.7.7.Final\resteasy-client-api-4.7.7.Final.jar;C:\Users\DELL\.m2\repository\commons-io\commons-io\2.11.0\commons-io-2.11.0.jar;C:\Users\DELL\.m2\repository\org\jboss\resteasy\resteasy-cdi\4.7.7.Final\resteasy-cdi-4.7.7.Final.jar;C:\Users\DELL\.m2\repository\jakarta\interceptor\jakarta.interceptor-api\1.2.5\jakarta.interceptor-api-1.2.5.jar;C:\Users\DELL\.m2\repository\org\apache\httpcomponents\httpasyncclient\4.1.5\httpasyncclient-4.1.5.jar;C:\Users\DELL\.m2\repository\org\apache\httpcomponents\httpcore\4.4.16\httpcore-4.4.16.jar;C:\Users\DELL\.m2\repository\org\apache\httpcomponents\httpcore-nio\4.4.16\httpcore-nio-4.4.16.jar;C:\Users\DELL\.m2\repository\org\jboss\logging\commons-logging-jboss-logging\1.0.0.Final\commons-logging-jboss-logging-1.0.0.Final.jar;C:\Users\DELL\.m2\repository\io\quarkus\quarkus-resteasy-jackson\2.16.3.Final\quarkus-resteasy-jackson-2.16.3.Final.jar;C:\Users\DELL\.m2\repository\io\quarkus\quarkus-jackson\2.16.3.Final\quarkus-jackson-2.16.3.Final.jar;C:\Users\DELL\.m2\repository\com\fasterxml\jackson\datatype\jackson-datatype-jsr310\2.14.2\jackson-datatype-jsr310-2.14.2.jar;C:\Users\DELL\.m2\repository\com\fasterxml\jackson\datatype\jackson-datatype-jdk8\2.14.2\jackson-datatype-jdk8-2.14.2.jar;C:\Users\DELL\.m2\repository\com\fasterxml\jackson\module\jackson-module-parameter-names\2.14.2\jackson-module-parameter-names-2.14.2.jar;C:\Users\DELL\.m2\repository\org\jboss\resteasy\resteasy-jackson2-provider\4.7.7.Final\resteasy-jackson2-provider-4.7.7.Final.jar;C:\Users\DELL\.m2\repository\com\fasterxml\jackson\core\jackson-annotations\2.14.2\jackson-annotations-2.14.2.jar;C:\Users\DELL\.m2\repository\com\fasterxml\jackson\jaxrs\jackson-jaxrs-json-provider\2.14.2\jackson-jaxrs-json-provider-2.14.2.jar;C:\Users\DELL\.m2\repository\com\fasterxml\jackson\jaxrs\jackson-jaxrs-base\2.14.2\jackson-jaxrs-base-2.14.2.jar;C:\Users\DELL\.m2\repository\com\fasterxml\jackson\module\jackson-module-jaxb-annotations\2.14.2\jackson-module-jaxb-annotations-2.14.2.jar;C:\Users\DELL\.m2\repository\com\github\java-json-tools\json-patch\1.13\json-patch-1.13.jar;C:\Users\DELL\.m2\repository\com\github\java-json-tools\msg-simple\1.2\msg-simple-1.2.jar;C:\Users\DELL\.m2\repository\com\github\java-json-tools\btf\1.3\btf-1.3.jar;C:\Users\DELL\.m2\repository\com\github\java-json-tools\jackson-coreutils\2.0\jackson-coreutils-2.0.jar;C:\Users\DELL\.m2\repository\org\json\json\20210307\json-20210307.jar;C:\Users\DELL\.m2\repository\io\quarkus\quarkus-smallrye-reactive-messaging-kafka\2.16.3.Final\quarkus-smallrye-reactive-messaging-kafka-2.16.3.Final.jar;C:\Users\DELL\.m2\repository\io\quarkus\quarkus-kafka-client\2.16.3.Final\quarkus-kafka-client-2.16.3.Final.jar;C:\Users\DELL\.m2\repository\io\smallrye\reactive\smallrye-reactive-messaging-kafka\3.22.1\smallrye-reactive-messaging-kafka-3.22.1.jar;C:\Users\DELL\.m2\repository\io\smallrye\reactive\smallrye-reactive-messaging-kafka-api\3.22.1\smallrye-reactive-messaging-kafka-api-3.22.1.jar;C:\Users\DELL\.m2\repository\io\opentelemetry\opentelemetry-api\1.21.0\opentelemetry-api-1.21.0.jar;C:\Users\DELL\.m2\repository\io\opentelemetry\opentelemetry-context\1.21.0\opentelemetry-context-1.21.0.jar;C:\Users\DELL\.m2\repository\io\opentelemetry\opentelemetry-semconv\1.21.0-alpha\opentelemetry-semconv-1.21.0-alpha.jar;C:\Users\DELL\.m2\repository\io\smallrye\reactive\mutiny\1.9.0\mutiny-1.9.0.jar;C:\Users\DELL\.m2\repository\org\apache\kafka\kafka-clients\3.3.2\kafka-clients-3.3.2.jar;C:\Users\DELL\.m2\repository\com\github\luben\zstd-jni\1.5.2-1\zstd-jni-1.5.2-1.jar;C:\Users\DELL\.m2\repository\org\lz4\lz4-java\1.8.0\lz4-java-1.8.0.jar;C:\Users\DELL\.m2\repository\org\xerial\snappy\snappy-java\1.1.8.4\snappy-java-1.1.8.4.jar;C:\Users\DELL\.m2\repository\io\vertx\vertx-kafka-client\4.3.7\vertx-kafka-client-4.3.7.jar;C:\Users\DELL\.m2\repository\io\vertx\vertx-core\4.3.7\vertx-core-4.3.7.jar;C:\Users\DELL\.m2\repository\io\netty\netty-common\4.1.86.Final\netty-common-4.1.86.Final.jar;C:\Users\DELL\.m2\repository\io\netty\netty-buffer\4.1.86.Final\netty-buffer-4.1.86.Final.jar;C:\Users\DELL\.m2\repository\io\netty\netty-transport\4.1.86.Final\netty-transport-4.1.86.Final.jar;C:\Users\DELL\.m2\repository\io\netty\netty-handler\4.1.86.Final\netty-handler-4.1.86.Final.jar;C:\Users\DELL\.m2\repository\io\netty\netty-transport-native-unix-common\4.1.86.Final\netty-transport-native-unix-common-4.1.86.Final.jar;C:\Users\DELL\.m2\repository\io\netty\netty-handler-proxy\4.1.86.Final\netty-handler-proxy-4.1.86.Final.jar;C:\Users\DELL\.m2\repository\io\netty\netty-codec-socks\4.1.86.Final\netty-codec-socks-4.1.86.Final.jar;C:\Users\DELL\.m2\repository\io\netty\netty-codec-http\4.1.86.Final\netty-codec-http-4.1.86.Final.jar;C:\Users\DELL\.m2\repository\io\netty\netty-codec-http2\4.1.86.Final\netty-codec-http2-4.1.86.Final.jar;C:\Users\DELL\.m2\repository\io\netty\netty-resolver\4.1.86.Final\netty-resolver-4.1.86.Final.jar;C:\Users\DELL\.m2\repository\io\netty\netty-resolver-dns\4.1.86.Final\netty-resolver-dns-4.1.86.Final.jar;C:\Users\DELL\.m2\repository\io\netty\netty-codec-dns\4.1.86.Final\netty-codec-dns-4.1.86.Final.jar;C:\Users\DELL\.m2\repository\io\quarkus\quarkus-smallrye-reactive-messaging\2.16.3.Final\quarkus-smallrye-reactive-messaging-2.16.3.Final.jar;C:\Users\DELL\.m2\repository\io\quarkus\quarkus-mutiny-reactive-streams-operators\2.16.3.Final\quarkus-mutiny-reactive-streams-operators-2.16.3.Final.jar;C:\Users\DELL\.m2\repository\org\eclipse\microprofile\reactive-streams-operators\microprofile-reactive-streams-operators-api\1.0.1\microprofile-reactive-streams-operators-api-1.0.1.jar;C:\Users\DELL\.m2\repository\org\eclipse\microprofile\reactive-streams-operators\microprofile-reactive-streams-operators-core\1.0.1\microprofile-reactive-streams-operators-core-1.0.1.jar;C:\Users\DELL\.m2\repository\io\smallrye\reactive\mutiny-reactive-streams-operators\1.9.0\mutiny-reactive-streams-operators-1.9.0.jar;C:\Users\DELL\.m2\repository\io\quarkus\quarkus-smallrye-reactive-messaging-kotlin\2.16.3.Final\quarkus-smallrye-reactive-messaging-kotlin-2.16.3.Final.jar;C:\Users\DELL\.m2\repository\io\smallrye\common\smallrye-common-annotation\1.13.2\smallrye-common-annotation-1.13.2.jar;C:\Users\DELL\.m2\repository\io\smallrye\reactive\smallrye-reactive-messaging-health\3.22.1\smallrye-reactive-messaging-health-3.22.1.jar;C:\Users\DELL\.m2\repository\org\eclipse\microprofile\health\microprofile-health-api\3.1\microprofile-health-api-3.1.jar;C:\Users\DELL\.m2\repository\io\smallrye\reactive\smallrye-reactive-messaging-provider\3.22.1\smallrye-reactive-messaging-provider-3.22.1.jar;C:\Users\DELL\.m2\repository\io\smallrye\reactive\smallrye-reactive-messaging-api\3.22.1\smallrye-reactive-messaging-api-3.22.1.jar;C:\Users\DELL\.m2\repository\io\smallrye\reactive\smallrye-mutiny-vertx-core\2.30.1\smallrye-mutiny-vertx-core-2.30.1.jar;C:\Users\DELL\.m2\repository\io\smallrye\reactive\smallrye-mutiny-vertx-runtime\2.30.1\smallrye-mutiny-vertx-runtime-2.30.1.jar;C:\Users\DELL\.m2\repository\io\smallrye\reactive\vertx-mutiny-generator\2.30.1\vertx-mutiny-generator-2.30.1.jar;C:\Users\DELL\.m2\repository\io\vertx\vertx-codegen\4.3.7\vertx-codegen-4.3.7.jar;C:\Users\DELL\.m2\repository\jakarta\annotation\jakarta.annotation-api\1.3.5\jakarta.annotation-api-1.3.5.jar;C:\Users\DELL\.m2\repository\javax\persistence\javax.persistence-api\2.2\javax.persistence-api-2.2.jar;C:\Users\DELL\.m2\repository\io\quarkus\quarkus-flyway\2.16.3.Final\quarkus-flyway-2.16.3.Final.jar;C:\Users\DELL\.m2\repository\org\flywaydb\flyway-core\9.11.0\flyway-core-9.11.0.jar;C:\Users\DELL\.m2\repository\com\fasterxml\jackson\dataformat\jackson-dataformat-toml\2.14.2\jackson-dataformat-toml-2.14.2.jar;C:\Users\DELL\.m2\repository\io\quarkus\quarkus-datasource-common\2.16.3.Final\quarkus-datasource-common-2.16.3.Final.jar;C:\Users\DELL\.m2\repository\org\projectlombok\lombok\1.18.32\lombok-1.18.32.jar;C:\Users\DELL\.m2\repository\junit\junit\4.12\junit-4.12.jar;C:\Users\DELL\.m2\repository\org\hamcrest\hamcrest-core\1.3\hamcrest-core-1.3.jar;"/>
    <property name="java.vm.vendor" value="OpenLogic"/>
    <property name="sun.arch.data.model" value="64"/>
    <property name="user.variant" value=""/>
    <property name="java.vendor.url" value="https://openlogic.com/"/>
    <property name="user.timezone" value="America/Sao_Paulo"/>
    <property name="os.name" value="Windows 10"/>
    <property name="java.vm.specification.version" value="17"/>
    <property name="sun.java.launcher" value="SUN_STANDARD"/>
    <property name="user.country" value="BR"/>
    <property name="mp.openapi.extensions.smallrye.defaultProduces" value="application/json"/>
    <property name="sun.boot.library.path" value="C:\Program Files\Java\JDK\openlogic-openjdk-17.0.13+11-windows-x64\bin"/>
    <property name="sun.java.command" value="C:\Users\DELL\AppData\Local\Temp\surefire12188504567063010131\surefirebooter17393558076521237412.jar C:\Users\DELL\AppData\Local\Temp\surefire12188504567063010131 2024-12-22T20-25-44_879-jvmRun1 surefire15195569141457429639tmp surefire_015164960040067655102tmp"/>
    <property name="jdk.debug" value="release"/>
    <property name="surefire.test.class.path" value="C:\Users\DELL\IdeaProjects\Api\FipeApi\target\test-classes;C:\Users\DELL\IdeaProjects\Api\FipeApi\target\classes;C:\Users\DELL\.m2\repository\io\quarkus\quarkus-resteasy\2.16.3.Final\quarkus-resteasy-2.16.3.Final.jar;C:\Users\DELL\.m2\repository\io\quarkus\quarkus-vertx-http\2.16.3.Final\quarkus-vertx-http-2.16.3.Final.jar;C:\Users\DELL\.m2\repository\io\quarkus\quarkus-security-runtime-spi\2.16.3.Final\quarkus-security-runtime-spi-2.16.3.Final.jar;C:\Users\DELL\.m2\repository\io\quarkus\quarkus-credentials\2.16.3.Final\quarkus-credentials-2.16.3.Final.jar;C:\Users\DELL\.m2\repository\io\quarkus\quarkus-mutiny\2.16.3.Final\quarkus-mutiny-2.16.3.Final.jar;C:\Users\DELL\.m2\repository\io\quarkus\quarkus-smallrye-context-propagation\2.16.3.Final\quarkus-smallrye-context-propagation-2.16.3.Final.jar;C:\Users\DELL\.m2\repository\io\smallrye\smallrye-context-propagation\1.2.2\smallrye-context-propagation-1.2.2.jar;C:\Users\DELL\.m2\repository\io\smallrye\smallrye-context-propagation-api\1.2.2\smallrye-context-propagation-api-1.2.2.jar;C:\Users\DELL\.m2\repository\io\smallrye\smallrye-context-propagation-storage\1.2.2\smallrye-context-propagation-storage-1.2.2.jar;C:\Users\DELL\.m2\repository\io\smallrye\reactive\mutiny-smallrye-context-propagation\1.9.0\mutiny-smallrye-context-propagation-1.9.0.jar;C:\Users\DELL\.m2\repository\io\smallrye\common\smallrye-common-vertx-context\1.13.2\smallrye-common-vertx-context-1.13.2.jar;C:\Users\DELL\.m2\repository\io\smallrye\common\smallrye-common-constraint\1.13.2\smallrye-common-constraint-1.13.2.jar;C:\Users\DELL\.m2\repository\io\quarkus\quarkus-vertx-http-dev-console-runtime-spi\2.16.3.Final\quarkus-vertx-http-dev-console-runtime-spi-2.16.3.Final.jar;C:\Users\DELL\.m2\repository\io\quarkus\security\quarkus-security\1.1.4.Final\quarkus-security-1.1.4.Final.jar;C:\Users\DELL\.m2\repository\io\quarkus\quarkus-vertx\2.16.3.Final\quarkus-vertx-2.16.3.Final.jar;C:\Users\DELL\.m2\repository\io\quarkus\quarkus-netty\2.16.3.Final\quarkus-netty-2.16.3.Final.jar;C:\Users\DELL\.m2\repository\io\netty\netty-codec\4.1.86.Final\netty-codec-4.1.86.Final.jar;C:\Users\DELL\.m2\repository\com\aayushatharva\brotli4j\brotli4j\1.8.0\brotli4j-1.8.0.jar;C:\Users\DELL\.m2\repository\com\aayushatharva\brotli4j\native-windows-x86_64\1.8.0\native-windows-x86_64-1.8.0.jar;C:\Users\DELL\.m2\repository\io\netty\netty-codec-haproxy\4.1.86.Final\netty-codec-haproxy-4.1.86.Final.jar;C:\Users\DELL\.m2\repository\io\quarkus\quarkus-vertx-latebound-mdc-provider\2.16.3.Final\quarkus-vertx-latebound-mdc-provider-2.16.3.Final.jar;C:\Users\DELL\.m2\repository\io\smallrye\smallrye-fault-tolerance-vertx\5.6.0\smallrye-fault-tolerance-vertx-5.6.0.jar;C:\Users\DELL\.m2\repository\io\smallrye\reactive\smallrye-mutiny-vertx-web\2.30.1\smallrye-mutiny-vertx-web-2.30.1.jar;C:\Users\DELL\.m2\repository\io\smallrye\reactive\smallrye-mutiny-vertx-web-common\2.30.1\smallrye-mutiny-vertx-web-common-2.30.1.jar;C:\Users\DELL\.m2\repository\io\smallrye\reactive\smallrye-mutiny-vertx-auth-common\2.30.1\smallrye-mutiny-vertx-auth-common-2.30.1.jar;C:\Users\DELL\.m2\repository\io\smallrye\reactive\smallrye-mutiny-vertx-bridge-common\2.30.1\smallrye-mutiny-vertx-bridge-common-2.30.1.jar;C:\Users\DELL\.m2\repository\io\smallrye\reactive\smallrye-mutiny-vertx-uri-template\2.30.1\smallrye-mutiny-vertx-uri-template-2.30.1.jar;C:\Users\DELL\.m2\repository\io\vertx\vertx-uri-template\4.3.7\vertx-uri-template-4.3.7.jar;C:\Users\DELL\.m2\repository\io\vertx\vertx-web\4.3.7\vertx-web-4.3.7.jar;C:\Users\DELL\.m2\repository\io\vertx\vertx-web-common\4.3.7\vertx-web-common-4.3.7.jar;C:\Users\DELL\.m2\repository\io\vertx\vertx-auth-common\4.3.7\vertx-auth-common-4.3.7.jar;C:\Users\DELL\.m2\repository\io\vertx\vertx-bridge-common\4.3.7\vertx-bridge-common-4.3.7.jar;C:\Users\DELL\.m2\repository\io\github\crac\org-crac\0.1.3\org-crac-0.1.3.jar;C:\Users\DELL\.m2\repository\io\quarkus\quarkus-resteasy-server-common\2.16.3.Final\quarkus-resteasy-server-common-2.16.3.Final.jar;C:\Users\DELL\.m2\repository\jakarta\validation\jakarta.validation-api\2.0.2\jakarta.validation-api-2.0.2.jar;C:\Users\DELL\.m2\repository\io\quarkus\quarkus-smallrye-openapi\2.16.3.Final\quarkus-smallrye-openapi-2.16.3.Final.jar;C:\Users\DELL\.m2\repository\io\smallrye\smallrye-open-api-core\3.1.1\smallrye-open-api-core-3.1.1.jar;C:\Users\DELL\.m2\repository\org\eclipse\microprofile\openapi\microprofile-openapi-api\2.0.1\microprofile-openapi-api-2.0.1.jar;C:\Users\DELL\.m2\repository\org\eclipse\microprofile\config\microprofile-config-api\2.0.1\microprofile-config-api-2.0.1.jar;C:\Users\DELL\.m2\repository\com\fasterxml\jackson\core\jackson-core\2.14.2\jackson-core-2.14.2.jar;C:\Users\DELL\.m2\repository\com\fasterxml\jackson\core\jackson-databind\2.14.2\jackson-databind-2.14.2.jar;C:\Users\DELL\.m2\repository\com\fasterxml\jackson\dataformat\jackson-dataformat-yaml\2.14.2\jackson-dataformat-yaml-2.14.2.jar;C:\Users\DELL\.m2\repository\org\yaml\snakeyaml\1.33\snakeyaml-1.33.jar;C:\Users\DELL\.m2\repository\io\smallrye\jandex\3.0.5\jandex-3.0.5.jar;C:\Users\DELL\.m2\repository\org\jboss\logging\jboss-logging\3.5.0.Final\jboss-logging-3.5.0.Final.jar;C:\Users\DELL\.m2\repository\io\quarkus\quarkus-core\2.16.3.Final\quarkus-core-2.16.3.Final.jar;C:\Users\DELL\.m2\repository\jakarta\enterprise\jakarta.enterprise.cdi-api\2.0.2\jakarta.enterprise.cdi-api-2.0.2.jar;C:\Users\DELL\.m2\repository\jakarta\el\jakarta.el-api\3.0.3\jakarta.el-api-3.0.3.jar;C:\Users\DELL\.m2\repository\jakarta\inject\jakarta.inject-api\1.0\jakarta.inject-api-1.0.jar;C:\Users\DELL\.m2\repository\io\quarkus\quarkus-ide-launcher\2.16.3.Final\quarkus-ide-launcher-2.16.3.Final.jar;C:\Users\DELL\.m2\repository\io\quarkus\quarkus-development-mode-spi\2.16.3.Final\quarkus-development-mode-spi-2.16.3.Final.jar;C:\Users\DELL\.m2\repository\io\smallrye\config\smallrye-config\2.13.2\smallrye-config-2.13.2.jar;C:\Users\DELL\.m2\repository\io\smallrye\config\smallrye-config-core\2.13.2\smallrye-config-core-2.13.2.jar;C:\Users\DELL\.m2\repository\io\smallrye\common\smallrye-common-expression\1.13.2\smallrye-common-expression-1.13.2.jar;C:\Users\DELL\.m2\repository\io\smallrye\common\smallrye-common-function\1.13.2\smallrye-common-function-1.13.2.jar;C:\Users\DELL\.m2\repository\io\smallrye\common\smallrye-common-classloader\1.13.2\smallrye-common-classloader-1.13.2.jar;C:\Users\DELL\.m2\repository\io\smallrye\config\smallrye-config-common\2.13.2\smallrye-config-common-2.13.2.jar;C:\Users\DELL\.m2\repository\org\jboss\logmanager\jboss-logmanager-embedded\1.0.11\jboss-logmanager-embedded-1.0.11.jar;C:\Users\DELL\.m2\repository\org\jboss\logging\jboss-logging-annotations\2.2.1.Final\jboss-logging-annotations-2.2.1.Final.jar;C:\Users\DELL\.m2\repository\org\jboss\threads\jboss-threads\3.4.3.Final\jboss-threads-3.4.3.Final.jar;C:\Users\DELL\.m2\repository\org\slf4j\slf4j-api\1.7.36\slf4j-api-1.7.36.jar;C:\Users\DELL\.m2\repository\org\jboss\slf4j\slf4j-jboss-logmanager\1.2.0.Final\slf4j-jboss-logmanager-1.2.0.Final.jar;C:\Users\DELL\.m2\repository\org\graalvm\sdk\graal-sdk\22.3.0\graal-sdk-22.3.0.jar;C:\Users\DELL\.m2\repository\org\wildfly\common\wildfly-common\1.5.4.Final-format-001\wildfly-common-1.5.4.Final-format-001.jar;C:\Users\DELL\.m2\repository\io\quarkus\quarkus-bootstrap-runner\2.16.3.Final\quarkus-bootstrap-runner-2.16.3.Final.jar;C:\Users\DELL\.m2\repository\io\quarkus\quarkus-fs-util\0.0.9\quarkus-fs-util-0.0.9.jar;C:\Users\DELL\.m2\repository\io\quarkus\quarkus-arc\2.16.3.Final\quarkus-arc-2.16.3.Final.jar;C:\Users\DELL\.m2\repository\io\quarkus\arc\arc\2.16.3.Final\arc-2.16.3.Final.jar;C:\Users\DELL\.m2\repository\org\eclipse\microprofile\context-propagation\microprofile-context-propagation-api\1.2\microprofile-context-propagation-api-1.2.jar;C:\Users\DELL\.m2\repository\io\quarkus\quarkus-swagger-ui\2.16.3.Final\quarkus-swagger-ui-2.16.3.Final.jar;C:\Users\DELL\.m2\repository\io\quarkus\quarkus-hibernate-orm\2.16.3.Final\quarkus-hibernate-orm-2.16.3.Final.jar;C:\Users\DELL\.m2\repository\io\quarkus\quarkus-agroal\2.16.3.Final\quarkus-agroal-2.16.3.Final.jar;C:\Users\DELL\.m2\repository\io\quarkus\quarkus-datasource\2.16.3.Final\quarkus-datasource-2.16.3.Final.jar;C:\Users\DELL\.m2\repository\io\agroal\agroal-api\1.16\agroal-api-1.16.jar;C:\Users\DELL\.m2\repository\io\agroal\agroal-narayana\1.16\agroal-narayana-1.16.jar;C:\Users\DELL\.m2\repository\org\jboss\jboss-transaction-spi\7.6.0.Final\jboss-transaction-spi-7.6.0.Final.jar;C:\Users\DELL\.m2\repository\io\agroal\agroal-pool\1.16\agroal-pool-1.16.jar;C:\Users\DELL\.m2\repository\io\quarkus\quarkus-narayana-jta\2.16.3.Final\quarkus-narayana-jta-2.16.3.Final.jar;C:\Users\DELL\.m2\repository\io\quarkus\quarkus-transaction-annotations\2.16.3.Final\quarkus-transaction-annotations-2.16.3.Final.jar;C:\Users\DELL\.m2\repository\io\smallrye\smallrye-context-propagation-jta\1.2.2\smallrye-context-propagation-jta-1.2.2.jar;C:\Users\DELL\.m2\repository\io\smallrye\reactive\smallrye-reactive-converter-api\2.7.0\smallrye-reactive-converter-api-2.7.0.jar;C:\Users\DELL\.m2\repository\org\reactivestreams\reactive-streams\1.0.3\reactive-streams-1.0.3.jar;C:\Users\DELL\.m2\repository\io\smallrye\reactive\smallrye-reactive-converter-mutiny\2.7.0\smallrye-reactive-converter-mutiny-2.7.0.jar;C:\Users\DELL\.m2\repository\org\jboss\narayana\jta\narayana-jta\5.13.1.Final\narayana-jta-5.13.1.Final.jar;C:\Users\DELL\.m2\repository\org\jboss\spec\javax\resource\jboss-connector-api_1.7_spec\1.0.0.Final\jboss-connector-api_1.7_spec-1.0.0.Final.jar;C:\Users\DELL\.m2\repository\org\jboss\narayana\jts\narayana-jts-integration\5.13.1.Final\narayana-jts-integration-5.13.1.Final.jar;C:\Users\DELL\.m2\repository\org\hibernate\hibernate-core\5.6.15.Final\hibernate-core-5.6.15.Final.jar;C:\Users\DELL\.m2\repository\net\bytebuddy\byte-buddy\1.12.18\byte-buddy-1.12.18.jar;C:\Users\DELL\.m2\repository\antlr\antlr\2.7.7\antlr-2.7.7.jar;C:\Users\DELL\.m2\repository\com\fasterxml\classmate\1.5.1\classmate-1.5.1.jar;C:\Users\DELL\.m2\repository\org\hibernate\common\hibernate-commons-annotations\5.1.2.Final\hibernate-commons-annotations-5.1.2.Final.jar;C:\Users\DELL\.m2\repository\org\hibernate\hibernate-graalvm\5.6.15.Final\hibernate-graalvm-5.6.15.Final.jar;C:\Users\DELL\.m2\repository\org\glassfish\jaxb\jaxb-runtime\2.3.3-b02\jaxb-runtime-2.3.3-b02.jar;C:\Users\DELL\.m2\repository\org\glassfish\jaxb\txw2\2.3.3-b02\txw2-2.3.3-b02.jar;C:\Users\DELL\.m2\repository\com\sun\istack\istack-commons-runtime\3.0.10\istack-commons-runtime-3.0.10.jar;C:\Users\DELL\.m2\repository\com\sun\activation\jakarta.activation\1.2.1\jakarta.activation-1.2.1.jar;C:\Users\DELL\.m2\repository\org\jboss\spec\javax\xml\bind\jboss-jaxb-api_2.3_spec\2.0.0.Final\jboss-jaxb-api_2.3_spec-2.0.0.Final.jar;C:\Users\DELL\.m2\repository\jakarta\persistence\jakarta.persistence-api\2.2.3\jakarta.persistence-api-2.2.3.jar;C:\Users\DELL\.m2\repository\jakarta\transaction\jakarta.transaction-api\1.3.3\jakarta.transaction-api-1.3.3.jar;C:\Users\DELL\.m2\repository\org\hibernate\quarkus-local-cache\0.1.1\quarkus-local-cache-0.1.1.jar;C:\Users\DELL\.m2\repository\io\quarkus\quarkus-caffeine\2.16.3.Final\quarkus-caffeine-2.16.3.Final.jar;C:\Users\DELL\.m2\repository\com\github\ben-manes\caffeine\caffeine\3.1.1\caffeine-3.1.1.jar;C:\Users\DELL\.m2\repository\com\google\errorprone\error_prone_annotations\2.17.0\error_prone_annotations-2.17.0.jar;C:\Users\DELL\.m2\repository\io\quarkus\quarkus-jdbc-postgresql\2.16.3.Final\quarkus-jdbc-postgresql-2.16.3.Final.jar;C:\Users\DELL\.m2\repository\org\postgresql\postgresql\42.5.3\postgresql-42.5.3.jar;C:\Users\DELL\.m2\repository\io\quarkus\quarkus-hibernate-orm-panache\2.16.3.Final\quarkus-hibernate-orm-panache-2.16.3.Final.jar;C:\Users\DELL\.m2\repository\io\quarkus\quarkus-hibernate-orm-panache-common\2.16.3.Final\quarkus-hibernate-orm-panache-common-2.16.3.Final.jar;C:\Users\DELL\.m2\repository\io\quarkus\quarkus-panache-hibernate-common\2.16.3.Final\quarkus-panache-hibernate-common-2.16.3.Final.jar;C:\Users\DELL\.m2\repository\io\quarkus\quarkus-panache-common\2.16.3.Final\quarkus-panache-common-2.16.3.Final.jar;C:\Users\DELL\.m2\repository\io\quarkus\quarkus-junit5\2.16.3.Final\quarkus-junit5-2.16.3.Final.jar;C:\Users\DELL\.m2\repository\io\quarkus\quarkus-bootstrap-core\2.16.3.Final\quarkus-bootstrap-core-2.16.3.Final.jar;C:\Users\DELL\.m2\repository\io\quarkus\quarkus-bootstrap-app-model\2.16.3.Final\quarkus-bootstrap-app-model-2.16.3.Final.jar;C:\Users\DELL\.m2\repository\io\smallrye\common\smallrye-common-io\1.13.2\smallrye-common-io-1.13.2.jar;C:\Users\DELL\.m2\repository\org\eclipse\sisu\org.eclipse.sisu.inject\0.3.5\org.eclipse.sisu.inject-0.3.5.jar;C:\Users\DELL\.m2\repository\io\quarkus\quarkus-test-common\2.16.3.Final\quarkus-test-common-2.16.3.Final.jar;C:\Users\DELL\.m2\repository\io\quarkus\quarkus-core-deployment\2.16.3.Final\quarkus-core-deployment-2.16.3.Final.jar;C:\Users\DELL\.m2\repository\org\aesh\readline\2.2\readline-2.2.jar;C:\Users\DELL\.m2\repository\org\fusesource\jansi\jansi\1.18\jansi-1.18.jar;C:\Users\DELL\.m2\repository\org\aesh\aesh\2.7\aesh-2.7.jar;C:\Users\DELL\.m2\repository\org\apache\commons\commons-lang3\3.12.0\commons-lang3-3.12.0.jar;C:\Users\DELL\.m2\repository\io\quarkus\gizmo\gizmo\1.6.0.Final\gizmo-1.6.0.Final.jar;C:\Users\DELL\.m2\repository\org\ow2\asm\asm-util\9.4\asm-util-9.4.jar;C:\Users\DELL\.m2\repository\org\ow2\asm\asm-analysis\9.4\asm-analysis-9.4.jar;C:\Users\DELL\.m2\repository\org\ow2\asm\asm\9.4\asm-9.4.jar;C:\Users\DELL\.m2\repository\org\ow2\asm\asm-commons\9.4\asm-commons-9.4.jar;C:\Users\DELL\.m2\repository\org\ow2\asm\asm-tree\9.4\asm-tree-9.4.jar;C:\Users\DELL\.m2\repository\io\quarkus\quarkus-class-change-agent\2.16.3.Final\quarkus-class-change-agent-2.16.3.Final.jar;C:\Users\DELL\.m2\repository\io\quarkus\quarkus-devtools-utilities\2.16.3.Final\quarkus-devtools-utilities-2.16.3.Final.jar;C:\Users\DELL\.m2\repository\io\quarkus\quarkus-builder\2.16.3.Final\quarkus-builder-2.16.3.Final.jar;C:\Users\DELL\.m2\repository\org\junit\platform\junit-platform-launcher\1.9.2\junit-platform-launcher-1.9.2.jar;C:\Users\DELL\.m2\repository\io\quarkus\quarkus-bootstrap-maven-resolver\2.16.3.Final\quarkus-bootstrap-maven-resolver-2.16.3.Final.jar;C:\Users\DELL\.m2\repository\org\apache\maven\maven-embedder\3.8.6\maven-embedder-3.8.6.jar;C:\Users\DELL\.m2\repository\org\apache\maven\maven-settings\3.8.6\maven-settings-3.8.6.jar;C:\Users\DELL\.m2\repository\org\apache\maven\maven-core\3.8.6\maven-core-3.8.6.jar;C:\Users\DELL\.m2\repository\org\apache\maven\maven-artifact\3.8.6\maven-artifact-3.8.6.jar;C:\Users\DELL\.m2\repository\org\codehaus\plexus\plexus-component-annotations\2.1.0\plexus-component-annotations-2.1.0.jar;C:\Users\DELL\.m2\repository\org\apache\maven\maven-plugin-api\3.8.6\maven-plugin-api-3.8.6.jar;C:\Users\DELL\.m2\repository\org\apache\maven\maven-model\3.8.6\maven-model-3.8.6.jar;C:\Users\DELL\.m2\repository\org\apache\maven\maven-model-builder\3.8.6\maven-model-builder-3.8.6.jar;C:\Users\DELL\.m2\repository\org\apache\maven\maven-builder-support\3.8.6\maven-builder-support-3.8.6.jar;C:\Users\DELL\.m2\repository\org\apache\maven\resolver\maven-resolver-api\1.6.3\maven-resolver-api-1.6.3.jar;C:\Users\DELL\.m2\repository\org\apache\maven\resolver\maven-resolver-util\1.6.3\maven-resolver-util-1.6.3.jar;C:\Users\DELL\.m2\repository\org\apache\maven\shared\maven-shared-utils\3.3.4\maven-shared-utils-3.3.4.jar;C:\Users\DELL\.m2\repository\com\google\inject\guice\4.2.2\guice-4.2.2-no_aop.jar;C:\Users\DELL\.m2\repository\com\google\guava\guava\31.1-jre\guava-31.1-jre.jar;C:\Users\DELL\.m2\repository\com\google\guava\failureaccess\1.0.1\failureaccess-1.0.1.jar;C:\Users\DELL\.m2\repository\org\codehaus\plexus\plexus-classworlds\2.6.0\plexus-classworlds-2.6.0.jar;C:\Users\DELL\.m2\repository\org\codehaus\plexus\plexus-sec-dispatcher\2.0\plexus-sec-dispatcher-2.0.jar;C:\Users\DELL\.m2\repository\org\codehaus\plexus\plexus-cipher\2.0\plexus-cipher-2.0.jar;C:\Users\DELL\.m2\repository\commons-cli\commons-cli\1.4\commons-cli-1.4.jar;C:\Users\DELL\.m2\repository\org\eclipse\sisu\org.eclipse.sisu.plexus\0.3.5\org.eclipse.sisu.plexus-0.3.5.jar;C:\Users\DELL\.m2\repository\org\apache\maven\maven-settings-builder\3.8.6\maven-settings-builder-3.8.6.jar;C:\Users\DELL\.m2\repository\org\codehaus\plexus\plexus-interpolation\1.26\plexus-interpolation-1.26.jar;C:\Users\DELL\.m2\repository\org\apache\maven\maven-resolver-provider\3.8.6\maven-resolver-provider-3.8.6.jar;C:\Users\DELL\.m2\repository\org\apache\maven\maven-repository-metadata\3.8.6\maven-repository-metadata-3.8.6.jar;C:\Users\DELL\.m2\repository\org\apache\maven\resolver\maven-resolver-spi\1.6.3\maven-resolver-spi-1.6.3.jar;C:\Users\DELL\.m2\repository\org\apache\maven\resolver\maven-resolver-impl\1.6.3\maven-resolver-impl-1.6.3.jar;C:\Users\DELL\.m2\repository\org\codehaus\plexus\plexus-utils\3.3.0\plexus-utils-3.3.0.jar;C:\Users\DELL\.m2\repository\org\apache\maven\resolver\maven-resolver-connector-basic\1.6.3\maven-resolver-connector-basic-1.6.3.jar;C:\Users\DELL\.m2\repository\org\apache\maven\resolver\maven-resolver-transport-wagon\1.6.3\maven-resolver-transport-wagon-1.6.3.jar;C:\Users\DELL\.m2\repository\org\apache\maven\wagon\wagon-http\3.5.1\wagon-http-3.5.1.jar;C:\Users\DELL\.m2\repository\org\apache\maven\wagon\wagon-http-shared\3.5.1\wagon-http-shared-3.5.1.jar;C:\Users\DELL\.m2\repository\org\apache\maven\wagon\wagon-provider-api\3.5.1\wagon-provider-api-3.5.1.jar;C:\Users\DELL\.m2\repository\org\apache\maven\wagon\wagon-file\3.5.1\wagon-file-3.5.1.jar;C:\Users\DELL\.m2\repository\io\quarkus\quarkus-bootstrap-gradle-resolver\2.16.3.Final\quarkus-bootstrap-gradle-resolver-2.16.3.Final.jar;C:\Users\DELL\.m2\repository\io\quarkus\quarkus-junit5-properties\2.16.3.Final\quarkus-junit5-properties-2.16.3.Final.jar;C:\Users\DELL\.m2\repository\org\junit\jupiter\junit-jupiter\5.9.2\junit-jupiter-5.9.2.jar;C:\Users\DELL\.m2\repository\org\junit\jupiter\junit-jupiter-api\5.9.2\junit-jupiter-api-5.9.2.jar;C:\Users\DELL\.m2\repository\org\opentest4j\opentest4j\1.2.0\opentest4j-1.2.0.jar;C:\Users\DELL\.m2\repository\org\junit\platform\junit-platform-commons\1.9.2\junit-platform-commons-1.9.2.jar;C:\Users\DELL\.m2\repository\org\apiguardian\apiguardian-api\1.1.2\apiguardian-api-1.1.2.jar;C:\Users\DELL\.m2\repository\org\junit\jupiter\junit-jupiter-params\5.9.2\junit-jupiter-params-5.9.2.jar;C:\Users\DELL\.m2\repository\org\junit\jupiter\junit-jupiter-engine\5.9.2\junit-jupiter-engine-5.9.2.jar;C:\Users\DELL\.m2\repository\org\junit\platform\junit-platform-engine\1.9.2\junit-platform-engine-1.9.2.jar;C:\Users\DELL\.m2\repository\com\thoughtworks\xstream\xstream\1.4.20\xstream-1.4.20.jar;C:\Users\DELL\.m2\repository\io\github\x-stream\mxparser\1.2.2\mxparser-1.2.2.jar;C:\Users\DELL\.m2\repository\xmlpull\xmlpull\1.1.3.1\xmlpull-1.1.3.1.jar;C:\Users\DELL\.m2\repository\com\h2database\h2\2.1.214\h2-2.1.214.jar;C:\Users\DELL\.m2\repository\io\quarkus\quarkus-jdbc-h2\2.16.3.Final\quarkus-jdbc-h2-2.16.3.Final.jar;C:\Users\DELL\.m2\repository\org\locationtech\jts\jts-core\1.17.0\jts-core-1.17.0.jar;C:\Users\DELL\.m2\repository\io\quarkus\quarkus-rest-client\2.16.3.Final\quarkus-rest-client-2.16.3.Final.jar;C:\Users\DELL\.m2\repository\io\quarkus\quarkus-resteasy-common\2.16.3.Final\quarkus-resteasy-common-2.16.3.Final.jar;C:\Users\DELL\.m2\repository\org\jboss\resteasy\resteasy-core\4.7.7.Final\resteasy-core-4.7.7.Final.jar;C:\Users\DELL\.m2\repository\org\jboss\spec\javax\ws\rs\jboss-jaxrs-api_2.1_spec\2.0.1.Final\jboss-jaxrs-api_2.1_spec-2.0.1.Final.jar;C:\Users\DELL\.m2\repository\org\jboss\resteasy\resteasy-core-spi\4.7.7.Final\resteasy-core-spi-4.7.7.Final.jar;C:\Users\DELL\.m2\repository\com\ibm\async\asyncutil\0.1.0\asyncutil-0.1.0.jar;C:\Users\DELL\.m2\repository\io\quarkus\quarkus-apache-httpclient\2.16.3.Final\quarkus-apache-httpclient-2.16.3.Final.jar;C:\Users\DELL\.m2\repository\org\apache\httpcomponents\httpclient\4.5.14\httpclient-4.5.14.jar;C:\Users\DELL\.m2\repository\commons-codec\commons-codec\1.15\commons-codec-1.15.jar;C:\Users\DELL\.m2\repository\io\quarkus\quarkus-rest-client-config\2.16.3.Final\quarkus-rest-client-config-2.16.3.Final.jar;C:\Users\DELL\.m2\repository\org\eclipse\microprofile\rest\client\microprofile-rest-client-api\2.0\microprofile-rest-client-api-2.0.jar;C:\Users\DELL\.m2\repository\org\jboss\resteasy\resteasy-client-microprofile\4.7.7.Final\resteasy-client-microprofile-4.7.7.Final.jar;C:\Users\DELL\.m2\repository\org\jboss\resteasy\resteasy-client-microprofile-base\4.7.7.Final\resteasy-client-microprofile-base-4.7.7.Final.jar;C:\Users\DELL\.m2\repository\org\jboss\resteasy\resteasy-client\4.7.7.Final\resteasy-client-4.7.7.Final.jar;C:\Users\DELL\.m2\repository\org\jboss\resteasy\resteasy-client-api\4.7.7.Final\resteasy-client-api-4.7.7.Final.jar;C:\Users\DELL\.m2\repository\commons-io\commons-io\2.11.0\commons-io-2.11.0.jar;C:\Users\DELL\.m2\repository\org\jboss\resteasy\resteasy-cdi\4.7.7.Final\resteasy-cdi-4.7.7.Final.jar;C:\Users\DELL\.m2\repository\jakarta\interceptor\jakarta.interceptor-api\1.2.5\jakarta.interceptor-api-1.2.5.jar;C:\Users\DELL\.m2\repository\org\apache\httpcomponents\httpasyncclient\4.1.5\httpasyncclient-4.1.5.jar;C:\Users\DELL\.m2\repository\org\apache\httpcomponents\httpcore\4.4.16\httpcore-4.4.16.jar;C:\Users\DELL\.m2\repository\org\apache\httpcomponents\httpcore-nio\4.4.16\httpcore-nio-4.4.16.jar;C:\Users\DELL\.m2\repository\org\jboss\logging\commons-logging-jboss-logging\1.0.0.Final\commons-logging-jboss-logging-1.0.0.Final.jar;C:\Users\DELL\.m2\repository\io\quarkus\quarkus-resteasy-jackson\2.16.3.Final\quarkus-resteasy-jackson-2.16.3.Final.jar;C:\Users\DELL\.m2\repository\io\quarkus\quarkus-jackson\2.16.3.Final\quarkus-jackson-2.16.3.Final.jar;C:\Users\DELL\.m2\repository\com\fasterxml\jackson\datatype\jackson-datatype-jsr310\2.14.2\jackson-datatype-jsr310-2.14.2.jar;C:\Users\DELL\.m2\repository\com\fasterxml\jackson\datatype\jackson-datatype-jdk8\2.14.2\jackson-datatype-jdk8-2.14.2.jar;C:\Users\DELL\.m2\repository\com\fasterxml\jackson\module\jackson-module-parameter-names\2.14.2\jackson-module-parameter-names-2.14.2.jar;C:\Users\DELL\.m2\repository\org\jboss\resteasy\resteasy-jackson2-provider\4.7.7.Final\resteasy-jackson2-provider-4.7.7.Final.jar;C:\Users\DELL\.m2\repository\com\fasterxml\jackson\core\jackson-annotations\2.14.2\jackson-annotations-2.14.2.jar;C:\Users\DELL\.m2\repository\com\fasterxml\jackson\jaxrs\jackson-jaxrs-json-provider\2.14.2\jackson-jaxrs-json-provider-2.14.2.jar;C:\Users\DELL\.m2\repository\com\fasterxml\jackson\jaxrs\jackson-jaxrs-base\2.14.2\jackson-jaxrs-base-2.14.2.jar;C:\Users\DELL\.m2\repository\com\fasterxml\jackson\module\jackson-module-jaxb-annotations\2.14.2\jackson-module-jaxb-annotations-2.14.2.jar;C:\Users\DELL\.m2\repository\com\github\java-json-tools\json-patch\1.13\json-patch-1.13.jar;C:\Users\DELL\.m2\repository\com\github\java-json-tools\msg-simple\1.2\msg-simple-1.2.jar;C:\Users\DELL\.m2\repository\com\github\java-json-tools\btf\1.3\btf-1.3.jar;C:\Users\DELL\.m2\repository\com\github\java-json-tools\jackson-coreutils\2.0\jackson-coreutils-2.0.jar;C:\Users\DELL\.m2\repository\org\json\json\20210307\json-20210307.jar;C:\Users\DELL\.m2\repository\io\quarkus\quarkus-smallrye-reactive-messaging-kafka\2.16.3.Final\quarkus-smallrye-reactive-messaging-kafka-2.16.3.Final.jar;C:\Users\DELL\.m2\repository\io\quarkus\quarkus-kafka-client\2.16.3.Final\quarkus-kafka-client-2.16.3.Final.jar;C:\Users\DELL\.m2\repository\io\smallrye\reactive\smallrye-reactive-messaging-kafka\3.22.1\smallrye-reactive-messaging-kafka-3.22.1.jar;C:\Users\DELL\.m2\repository\io\smallrye\reactive\smallrye-reactive-messaging-kafka-api\3.22.1\smallrye-reactive-messaging-kafka-api-3.22.1.jar;C:\Users\DELL\.m2\repository\io\opentelemetry\opentelemetry-api\1.21.0\opentelemetry-api-1.21.0.jar;C:\Users\DELL\.m2\repository\io\opentelemetry\opentelemetry-context\1.21.0\opentelemetry-context-1.21.0.jar;C:\Users\DELL\.m2\repository\io\opentelemetry\opentelemetry-semconv\1.21.0-alpha\opentelemetry-semconv-1.21.0-alpha.jar;C:\Users\DELL\.m2\repository\io\smallrye\reactive\mutiny\1.9.0\mutiny-1.9.0.jar;C:\Users\DELL\.m2\repository\org\apache\kafka\kafka-clients\3.3.2\kafka-clients-3.3.2.jar;C:\Users\DELL\.m2\repository\com\github\luben\zstd-jni\1.5.2-1\zstd-jni-1.5.2-1.jar;C:\Users\DELL\.m2\repository\org\lz4\lz4-java\1.8.0\lz4-java-1.8.0.jar;C:\Users\DELL\.m2\repository\org\xerial\snappy\snappy-java\1.1.8.4\snappy-java-1.1.8.4.jar;C:\Users\DELL\.m2\repository\io\vertx\vertx-kafka-client\4.3.7\vertx-kafka-client-4.3.7.jar;C:\Users\DELL\.m2\repository\io\vertx\vertx-core\4.3.7\vertx-core-4.3.7.jar;C:\Users\DELL\.m2\repository\io\netty\netty-common\4.1.86.Final\netty-common-4.1.86.Final.jar;C:\Users\DELL\.m2\repository\io\netty\netty-buffer\4.1.86.Final\netty-buffer-4.1.86.Final.jar;C:\Users\DELL\.m2\repository\io\netty\netty-transport\4.1.86.Final\netty-transport-4.1.86.Final.jar;C:\Users\DELL\.m2\repository\io\netty\netty-handler\4.1.86.Final\netty-handler-4.1.86.Final.jar;C:\Users\DELL\.m2\repository\io\netty\netty-transport-native-unix-common\4.1.86.Final\netty-transport-native-unix-common-4.1.86.Final.jar;C:\Users\DELL\.m2\repository\io\netty\netty-handler-proxy\4.1.86.Final\netty-handler-proxy-4.1.86.Final.jar;C:\Users\DELL\.m2\repository\io\netty\netty-codec-socks\4.1.86.Final\netty-codec-socks-4.1.86.Final.jar;C:\Users\DELL\.m2\repository\io\netty\netty-codec-http\4.1.86.Final\netty-codec-http-4.1.86.Final.jar;C:\Users\DELL\.m2\repository\io\netty\netty-codec-http2\4.1.86.Final\netty-codec-http2-4.1.86.Final.jar;C:\Users\DELL\.m2\repository\io\netty\netty-resolver\4.1.86.Final\netty-resolver-4.1.86.Final.jar;C:\Users\DELL\.m2\repository\io\netty\netty-resolver-dns\4.1.86.Final\netty-resolver-dns-4.1.86.Final.jar;C:\Users\DELL\.m2\repository\io\netty\netty-codec-dns\4.1.86.Final\netty-codec-dns-4.1.86.Final.jar;C:\Users\DELL\.m2\repository\io\quarkus\quarkus-smallrye-reactive-messaging\2.16.3.Final\quarkus-smallrye-reactive-messaging-2.16.3.Final.jar;C:\Users\DELL\.m2\repository\io\quarkus\quarkus-mutiny-reactive-streams-operators\2.16.3.Final\quarkus-mutiny-reactive-streams-operators-2.16.3.Final.jar;C:\Users\DELL\.m2\repository\org\eclipse\microprofile\reactive-streams-operators\microprofile-reactive-streams-operators-api\1.0.1\microprofile-reactive-streams-operators-api-1.0.1.jar;C:\Users\DELL\.m2\repository\org\eclipse\microprofile\reactive-streams-operators\microprofile-reactive-streams-operators-core\1.0.1\microprofile-reactive-streams-operators-core-1.0.1.jar;C:\Users\DELL\.m2\repository\io\smallrye\reactive\mutiny-reactive-streams-operators\1.9.0\mutiny-reactive-streams-operators-1.9.0.jar;C:\Users\DELL\.m2\repository\io\quarkus\quarkus-smallrye-reactive-messaging-kotlin\2.16.3.Final\quarkus-smallrye-reactive-messaging-kotlin-2.16.3.Final.jar;C:\Users\DELL\.m2\repository\io\smallrye\common\smallrye-common-annotation\1.13.2\smallrye-common-annotation-1.13.2.jar;C:\Users\DELL\.m2\repository\io\smallrye\reactive\smallrye-reactive-messaging-health\3.22.1\smallrye-reactive-messaging-health-3.22.1.jar;C:\Users\DELL\.m2\repository\org\eclipse\microprofile\health\microprofile-health-api\3.1\microprofile-health-api-3.1.jar;C:\Users\DELL\.m2\repository\io\smallrye\reactive\smallrye-reactive-messaging-provider\3.22.1\smallrye-reactive-messaging-provider-3.22.1.jar;C:\Users\DELL\.m2\repository\io\smallrye\reactive\smallrye-reactive-messaging-api\3.22.1\smallrye-reactive-messaging-api-3.22.1.jar;C:\Users\DELL\.m2\repository\io\smallrye\reactive\smallrye-mutiny-vertx-core\2.30.1\smallrye-mutiny-vertx-core-2.30.1.jar;C:\Users\DELL\.m2\repository\io\smallrye\reactive\smallrye-mutiny-vertx-runtime\2.30.1\smallrye-mutiny-vertx-runtime-2.30.1.jar;C:\Users\DELL\.m2\repository\io\smallrye\reactive\vertx-mutiny-generator\2.30.1\vertx-mutiny-generator-2.30.1.jar;C:\Users\DELL\.m2\repository\io\vertx\vertx-codegen\4.3.7\vertx-codegen-4.3.7.jar;C:\Users\DELL\.m2\repository\jakarta\annotation\jakarta.annotation-api\1.3.5\jakarta.annotation-api-1.3.5.jar;C:\Users\DELL\.m2\repository\javax\persistence\javax.persistence-api\2.2\javax.persistence-api-2.2.jar;C:\Users\DELL\.m2\repository\io\quarkus\quarkus-flyway\2.16.3.Final\quarkus-flyway-2.16.3.Final.jar;C:\Users\DELL\.m2\repository\org\flywaydb\flyway-core\9.11.0\flyway-core-9.11.0.jar;C:\Users\DELL\.m2\repository\com\fasterxml\jackson\dataformat\jackson-dataformat-toml\2.14.2\jackson-dataformat-toml-2.14.2.jar;C:\Users\DELL\.m2\repository\io\quarkus\quarkus-datasource-common\2.16.3.Final\quarkus-datasource-common-2.16.3.Final.jar;C:\Users\DELL\.m2\repository\org\projectlombok\lombok\1.18.32\lombok-1.18.32.jar;C:\Users\DELL\.m2\repository\junit\junit\4.12\junit-4.12.jar;C:\Users\DELL\.m2\repository\org\hamcrest\hamcrest-core\1.3\hamcrest-core-1.3.jar;"/>
    <property name="sun.cpu.endian" value="little"/>
    <property name="user.home" value="C:\Users\DELL"/>
    <property name="user.language" value="pt"/>
    <property name="jboss.log-version" value="false"/>
    <property name="java.specification.vendor" value="Oracle Corporation"/>
    <property name="java.version.date" value="2024-10-15"/>
    <property name="java.home" value="C:\Program Files\Java\JDK\openlogic-openjdk-17.0.13+11-windows-x64"/>
    <property name="file.separator" value="\"/>
    <property name="basedir" value="C:\Users\DELL\IdeaProjects\Api\FipeApi"/>
    <property name="java.vm.compressedOopsMode" value="Zero based"/>
    <property name="line.separator" value="&#10;"/>
    <property name="java.vm.specification.vendor" value="Oracle Corporation"/>
    <property name="java.specification.name" value="Java Platform API Specification"/>
    <property name="surefire.real.class.path" value="C:\Users\DELL\AppData\Local\Temp\surefire12188504567063010131\surefirebooter17393558076521237412.jar"/>
    <property name="user.script" value=""/>
    <property name="sun.management.compiler" value="HotSpot 64-Bit Tiered Compilers"/>
    <property name="java.runtime.version" value="17.0.13+11-adhoc..jdk17u"/>
    <property name="user.name" value="DELL"/>
    <property name="path.separator" value=";"/>
    <property name="os.version" value="10.0"/>
    <property name="java.runtime.name" value="OpenJDK Runtime Environment"/>
    <property name="file.encoding" value="Cp1252"/>
    <property name="java.vm.name" value="OpenJDK 64-Bit Server VM"/>
    <property name="java.vendor.version" value="OpenLogic-OpenJDK"/>
    <property name="localRepository" value="C:\Users\DELL\.m2\repository"/>
    <property name="java.vendor.url.bug" value="https://techsupport.roguewave.com/"/>
    <property name="java.io.tmpdir" value="C:\Users\DELL\AppData\Local\Temp\"/>
    <property name="quarkus.log.file.path" value="target\quarkus.log"/>
    <property name="java.version" value="17.0.13"/>
    <property name="user.dir" value="C:\Users\DELL\IdeaProjects\Api\FipeApi"/>
    <property name="os.arch" value="amd64"/>
    <property name="java.vm.specification.name" value="Java Virtual Machine Specification"/>
    <property name="sun.os.patch.level" value=""/>
    <property name="native.encoding" value="Cp1252"/>
    <property name="java.library.path" value="C:\Program Files\Java\JDK\openlogic-openjdk-17.0.13+11-windows-x64\bin;C:\Windows\Sun\Java\bin;C:\Windows\system32;C:\Windows;C:\Windows\system32;C:\Windows;C:\Windows\System32\Wbem;C:\Windows\System32\WindowsPowerShell\v1.0\;C:\Windows\System32\OpenSSH\;C:\Program Files\TortoiseGit\bin;C:\Program Files\Git\cmd;C:\Program Files (x86)\Microsoft SQL Server\160\Tools\Binn\;C:\Program Files\Microsoft SQL Server\160\Tools\Binn\;C:\Program Files\Microsoft SQL Server\Client SDK\ODBC\170\Tools\Binn\;C:\Program Files\Microsoft SQL Server\160\DTS\Binn\;C:\Program Files (x86)\Microsoft SQL Server\160\DTS\Binn\;C:\Program Files\nodejs\;C:\ProgramData\chocolatey\bin;C:\Program Files\dotnet\;C:\Program Files\Docker\Docker\resources\bin;C:\Program Files\Apache\Maven\apache-maven-3.8.8\bin;C:\Users\DELL\AppData\Local\Programs\Microsoft VS Code\bin;C:\Users\DELL\AppData\Local\Microsoft\WinGet\Packages\Schniz.fnm_Microsoft.Winget.Source_8wekyb3d8bbwe;C:\Users\DELL\AppData\Roaming\npm;C:\Users\DELL\.dotnet\tools;;."/>
    <property name="java.vm.info" value="mixed mode, sharing"/>
    <property name="java.vendor" value="OpenLogic"/>
    <property name="vertx.disableTCCL" value="true"/>
    <property name="java.vm.version" value="17.0.13+11-adhoc..jdk17u"/>
    <property name="java.specification.maintenance.version" value="1"/>
    <property name="sun.io.unicode.encoding" value="UnicodeLittle"/>
    <property name="java.class.version" value="61.0"/>
    <property name="mp.openapi.extensions.smallrye.defaultConsumes" value="application/json"/>
  </properties>
  <testcase name="testProcessarVeiculos" classname="com.fipeapi2.services.FipeProcessingServiceTest" time="0">
    <skipped type="org.opentest4j.TestAbortedException"><![CDATA[org.opentest4j.TestAbortedException: Boot failed
]]></skipped>
  </testcase>
  <testcase name="testAtualizarVeiculoExistente" classname="com.fipeapi2.services.FipeProcessingServiceTest" time="0">
    <skipped type="org.opentest4j.TestAbortedException"><![CDATA[org.opentest4j.TestAbortedException: Boot failed
]]></skipped>
  </testcase>
</testsuite>